2025-10-01 19:50:19, SELF, v:1, k:toalha, rate:100
2025-10-01 19:50:33, MOVE, v:1, k:carro, mode:PICK
2025-10-01 19:50:34, EXEC, v:1, k:carro, mode:FULL, rate:100, size:80
2025-10-01 19:50:37, MOVE, v:1, k:carro, mode:BACK
2025-10-01 19:50:49, MOVE, v:1, k:calculadora, mode:PICK
2025-10-01 19:50:49, EXEC, v:1, k:calculadora, mode:FULL, rate:100, size:74
2025-10-01 19:50:50, MOVE, v:1, k:calculadora, mode:BACK
2025-10-01 19:50:58, MOVE, v:1, k:enxugar, mode:PICK
2025-10-01 19:50:59, EXEC, v:1, k:enxugar, mode:FULL, rate:100, size:63
2025-10-01 19:51:01, MOVE, v:1, k:enxugar, mode:BACK
2025-10-01 19:51:04, MOVE, v:1, k:toalha, mode:PICK
2025-10-01 19:51:05, EXEC, v:1, k:toalha, mode:LOCK, rate:0, size:83
2025-10-01 19:51:06, MOVE, v:1, k:toalha, mode:BACK
2025-10-01 19:51:16, MOVE, v:1, k:toalha, mode:PICK
2025-10-01 19:51:16, EXEC, v:1, k:toalha, mode:LOCK, rate:0
2025-10-01 19:51:19, MOVE, v:1, k:toalha, mode:BACK
2025-10-01 19:51:39, MOVE, v:1, k:toalha, mode:PICK
2025-10-01 19:51:39, EXEC, v:1, k:toalha, mode:LOCK, rate:0, size:63
2025-10-01 19:51:45, MOVE, v:1, k:toalha, mode:BACK
2025-10-01 19:52:19, SELF, v:1, k:animal, rate:100, human:_, guide:_, alone:6, study:150
2025-10-01 19:52:38, SELF, v:1, k:carro, rate:100, iagen:_, guide:_, alone:7, study:180
2025-10-01 19:53:01, SELF, v:1, k:calculadora, rate:100, iagen:_, guide:_, alone:7, study:200
2025-10-01 19:53:20, SELF, v:1, k:enxugar, rate:100, human:_, guide:_, alone:8, study:90
